<?xml version="1.0" encoding="UTF-8"?>
<!-- Generated by org.testng.reporters.JUnitXMLReporter -->
<testsuite ignored="2" hostname="MyComputer" failures="4" tests="7" name="Test" time="106.652" errors="0" timestamp="2019-12-05T13:29:03 EST">
  <testcase classname="testcases.Testcase_Transferfunds" name="transferfunds" time="13.25"/>
  <testcase classname="testcases.Testcase_AddPAyee" name="validateAddPayee" time="13.148"/>
  <testcase classname="testcases.Testcase_Login" name="login" time="11.164"/>
  <testcase classname="testcases.Testcase_Login" name="login" time="11.217">
    <failure type="java.lang.AssertionError" message="expected [Zero - Log in] but found [Zero - Account Summary]">
      <![CDATA[java.lang.AssertionError: expected [Zero - Log in] but found [Zero - Account Summary]
at testcases.Testcase_Login.login(Testcase_Login.java:36)
at java.base/java.util.ArrayList.forEach(ArrayList.java:1540)
... Removed 36 stack frames]]>
    </failure>
  </testcase> <!-- login -->
  <testcase classname="testcases.Testcase_Login" name="login" time="11.242">
    <failure type="java.lang.AssertionError" message="expected [Zero - Log in] but found [Zero - Account Summary]">
      <![CDATA[java.lang.AssertionError: expected [Zero - Log in] but found [Zero - Account Summary]
at testcases.Testcase_Login.login(Testcase_Login.java:36)
at java.base/java.util.ArrayList.forEach(ArrayList.java:1540)
... Removed 36 stack frames]]>
    </failure>
  </testcase> <!-- login -->
  <testcase classname="testcases.Testcase_Login" name="login" time="15.448">
    <failure type="org.openqa.selenium.SessionNotCreatedException" message="session not created
from chrome not reachable
  (Session info: chrome=78.0.3904.108)
Build info: version: &amp;apos;3.141.59&amp;apos;, revision: &amp;apos;e82be7d358&amp;apos;, time: &amp;apos;2018-11-14T08:17:03&amp;apos;
System info: host: &amp;apos;MYCOMPUTER&amp;apos;, ip: &amp;apos;192.168.2.12&amp;apos;, os.name: &amp;apos;Windows 10&amp;apos;, os.arch: &amp;apos;amd64&amp;apos;, os.version: &amp;apos;10.0&amp;apos;, java.version: &amp;apos;12.0.2&amp;apos;
Driver info: driver.version: ChromeDriver
remote stacktrace: Backtrace:
	Ordinal0 [0x004FA923+1550627]
	Ordinal0 [0x0047A731+1025841]
	Ordinal0 [0x003FC5BE+509374]
	Ordinal0 [0x003F62F2+484082]
	Ordinal0 [0x003F69CB+485835]
	Ordinal0 [0x003F7B35+490293]
	Ordinal0 [0x003F3AB5+473781]
	Ordinal0 [0x003FD360+512864]
	Ordinal0 [0x003AB649+177737]
	Ordinal0 [0x003AA8ED+174317]
	Ordinal0 [0x003A8CDB+167131]
	Ordinal0 [0x0039144A+70730]
	Ordinal0 [0x003924D0+74960]
	Ordinal0 [0x00392469+74857]
	Ordinal0 [0x004942F7+1131255]
	GetHandleVerifier [0x0059711D+523789]
	GetHandleVerifier [0x00596EB0+523168]
	GetHandleVerifier [0x0059E207+552695]
	GetHandleVerifier [0x0059791A+525834]
	Ordinal0 [0x0048B82C+1095724]
	Ordinal0 [0x0049636B+1139563]
	Ordinal0 [0x004964D3+1139923]
	Ordinal0 [0x00495455+1135701]
	BaseThreadInitThunk [0x76566359+25]
	RtlGetAppContainerNamedObjectPath [0x76F57B74+228]
	RtlGetAppContainerNamedObjectPath [0x76F57B44+180]
">
      <![CDATA[org.openqa.selenium.SessionNotCreatedException: session not created
from chrome not reachable
  (Session info: chrome=78.0.3904.108)
Build info: version: '3.141.59', revision: 'e82be7d358', time: '2018-11-14T08:17:03'
System info: host: 'MYCOMPUTER', ip: '192.168.2.12', os.name: 'Windows 10', os.arch: 'amd64', os.version: '10.0', java.version: '12.0.2'
Driver info: driver.version: ChromeDriver
remote stacktrace: Backtrace:
Ordinal0 [0x004FA923+1550627]
Ordinal0 [0x0047A731+1025841]
Ordinal0 [0x003FC5BE+509374]
Ordinal0 [0x003F62F2+484082]
Ordinal0 [0x003F69CB+485835]
Ordinal0 [0x003F7B35+490293]
Ordinal0 [0x003F3AB5+473781]
Ordinal0 [0x003FD360+512864]
Ordinal0 [0x003AB649+177737]
Ordinal0 [0x003AA8ED+174317]
Ordinal0 [0x003A8CDB+167131]
Ordinal0 [0x0039144A+70730]
Ordinal0 [0x003924D0+74960]
Ordinal0 [0x00392469+74857]
Ordinal0 [0x004942F7+1131255]
GetHandleVerifier [0x0059711D+523789]
GetHandleVerifier [0x00596EB0+523168]
GetHandleVerifier [0x0059E207+552695]
GetHandleVerifier [0x0059791A+525834]
Ordinal0 [0x0048B82C+1095724]
Ordinal0 [0x0049636B+1139563]
Ordinal0 [0x004964D3+1139923]
Ordinal0 [0x00495455+1135701]
BaseThreadInitThunk [0x76566359+25]
RtlGetAppContainerNamedObjectPath [0x76F57B74+228]
RtlGetAppContainerNamedObjectPath [0x76F57B44+180]

at org.openqa.selenium.remote.W3CHandshakeResponse.lambda$errorHandler$0(W3CHandshakeResponse.java:62)
at org.openqa.selenium.remote.HandshakeResponse.lambda$getResponseFunction$0(HandshakeResponse.java:30)
at org.openqa.selenium.remote.ProtocolHandshake.lambda$createSession$0(ProtocolHandshake.java:126)
at java.base/java.util.stream.ReferencePipeline$3$1.accept(ReferencePipeline.java:195)
at java.base/java.util.Spliterators$ArraySpliterator.tryAdvance(Spliterators.java:958)
at java.base/java.util.stream.ReferencePipeline.forEachWithCancel(ReferencePipeline.java:127)
at java.base/java.util.stream.AbstractPipeline.copyIntoWithCancel(AbstractPipeline.java:502)
at java.base/java.util.stream.AbstractPipeline.copyInto(AbstractPipeline.java:488)
at java.base/java.util.stream.AbstractPipeline.wrapAndCopyInto(AbstractPipeline.java:474)
at java.base/java.util.stream.FindOps$FindOp.evaluateSequential(FindOps.java:150)
at java.base/java.util.stream.AbstractPipeline.evaluate(AbstractPipeline.java:234)
at java.base/java.util.stream.ReferencePipeline.findFirst(ReferencePipeline.java:543)
at org.openqa.selenium.remote.ProtocolHandshake.createSession(ProtocolHandshake.java:128)
at org.openqa.selenium.remote.ProtocolHandshake.createSession(ProtocolHandshake.java:74)
at org.openqa.selenium.remote.HttpCommandExecutor.execute(HttpCommandExecutor.java:136)
at org.openqa.selenium.remote.service.DriverCommandExecutor.execute(DriverCommandExecutor.java:83)
at org.openqa.selenium.remote.RemoteWebDriver.execute(RemoteWebDriver.java:552)
at org.openqa.selenium.remote.RemoteWebDriver.startSession(RemoteWebDriver.java:213)
at org.openqa.selenium.remote.RemoteWebDriver.<init>(RemoteWebDriver.java:131)
at org.openqa.selenium.chrome.ChromeDriver.<init>(ChromeDriver.java:181)
at org.openqa.selenium.chrome.ChromeDriver.<init>(ChromeDriver.java:168)
at org.openqa.selenium.chrome.ChromeDriver.<init>(ChromeDriver.java:123)
at base.Page.initConfiguration(Page.java:49)
at testcases.Testcase_Login.login(Testcase_Login.java:27)
at java.base/java.util.ArrayList.forEach(ArrayList.java:1540)
... Removed 36 stack frames]]>
    </failure>
  </testcase> <!-- login -->
  <testcase classname="testcases.Testcase_Login" name="login" time="65.614">
    <failure type="org.openqa.selenium.WebDriverException" message="chrome not reachable
  (Session info: chrome=78.0.3904.108)
Build info: version: &amp;apos;3.141.59&amp;apos;, revision: &amp;apos;e82be7d358&amp;apos;, time: &amp;apos;2018-11-14T08:17:03&amp;apos;
System info: host: &amp;apos;MYCOMPUTER&amp;apos;, ip: &amp;apos;192.168.2.12&amp;apos;, os.name: &amp;apos;Windows 10&amp;apos;, os.arch: &amp;apos;amd64&amp;apos;, os.version: &amp;apos;10.0&amp;apos;, java.version: &amp;apos;12.0.2&amp;apos;
Driver info: org.openqa.selenium.chrome.ChromeDriver
Capabilities {acceptInsecureCerts: false, browserName: chrome, browserVersion: 78.0.3904.108, chrome: {chromedriverVersion: 78.0.3904.105 (60e2d8774a81..., userDataDir: C:\Users\p_wav\AppData\Loca...}, goog:chromeOptions: {debuggerAddress: localhost:63607}, javascriptEnabled: true, networkConnectionEnabled: false, pageLoadStrategy: normal, platform: XP, platformName: XP, proxy: Proxy(), setWindowRect: true, strictFileInteractability: false, timeouts: {implicit: 0, pageLoad: 300000, script: 30000}, unhandledPromptBehavior: dismiss and notify}
Session ID: 20b87ce1d7943e268600cecaa0734eed">
      <![CDATA[org.openqa.selenium.WebDriverException: chrome not reachable
  (Session info: chrome=78.0.3904.108)
Build info: version: '3.141.59', revision: 'e82be7d358', time: '2018-11-14T08:17:03'
System info: host: 'MYCOMPUTER', ip: '192.168.2.12', os.name: 'Windows 10', os.arch: 'amd64', os.version: '10.0', java.version: '12.0.2'
Driver info: org.openqa.selenium.chrome.ChromeDriver
Capabilities {acceptInsecureCerts: false, browserName: chrome, browserVersion: 78.0.3904.108, chrome: {chromedriverVersion: 78.0.3904.105 (60e2d8774a81..., userDataDir: C:\Users\p_wav\AppData\Loca...}, goog:chromeOptions: {debuggerAddress: localhost:63607}, javascriptEnabled: true, networkConnectionEnabled: false, pageLoadStrategy: normal, platform: XP, platformName: XP, proxy: Proxy(), setWindowRect: true, strictFileInteractability: false, timeouts: {implicit: 0, pageLoad: 300000, script: 30000}, unhandledPromptBehavior: dismiss and notify}
Session ID: 20b87ce1d7943e268600cecaa0734eed
at org.openqa.selenium.remote.http.W3CHttpResponseCodec.createException(W3CHttpResponseCodec.java:187)
at org.openqa.selenium.remote.http.W3CHttpResponseCodec.decode(W3CHttpResponseCodec.java:122)
at org.openqa.selenium.remote.http.W3CHttpResponseCodec.decode(W3CHttpResponseCodec.java:49)
at org.openqa.selenium.remote.HttpCommandExecutor.execute(HttpCommandExecutor.java:158)
at org.openqa.selenium.remote.service.DriverCommandExecutor.execute(DriverCommandExecutor.java:83)
at org.openqa.selenium.remote.RemoteWebDriver.execute(RemoteWebDriver.java:552)
at org.openqa.selenium.remote.RemoteWebDriver.execute(RemoteWebDriver.java:609)
at org.openqa.selenium.remote.RemoteWebDriver.getScreenshotAs(RemoteWebDriver.java:295)
at base.Page.getScreenshot(Page.java:61)
at testcases.listener.onTestFailure(listener.java:32)
at java.base/java.util.ArrayList.forEach(ArrayList.java:1540)
... Removed 33 stack frames]]>
    </failure>
  </testcase> <!-- login -->
  <testcase classname="base.Page" name="@AfterTest quitBrowser" time="0.0">
    <ignored/>
  </testcase> <!-- @AfterTest quitBrowser -->
  <testcase classname="base.Page" name="@AfterTest quitBrowser" time="0.0">
    <ignored/>
  </testcase> <!-- @AfterTest quitBrowser -->
</testsuite> <!-- Test -->
