<?xml version="1.0" encoding="UTF-8"?>
<testng-results ignored="2" total="7" passed="4" failed="1" skipped="0">
  <reporter-output>
  </reporter-output>
  <suite started-at="2019-12-04T20:48:16 EST" name="Suite" finished-at="2019-12-04T20:49:21 EST" duration-ms="65308">
    <groups>
    </groups>
    <test started-at="2019-12-04T20:48:16 EST" name="Test" finished-at="2019-12-04T20:49:21 EST" duration-ms="65308">
      <class name="testcases.Testcase_Transferfunds">
        <test-method signature="transferfunds()[pri:0, instance:testcases.Testcase_Transferfunds@5be6e01c]" started-at="2019-12-04T20:48:16 EST" name="transferfunds" finished-at="2019-12-04T20:48:29 EST" duration-ms="13639" status="PASS">
          <reporter-output>
          </reporter-output>
        </test-method> <!-- transferfunds -->
        <test-method is-config="true" signature="quitBrowser()[pri:0, instance:testcases.Testcase_Transferfunds@5be6e01c]" started-at="2019-12-04T20:49:20 EST" name="quitBrowser" finished-at="2019-12-04T20:49:21 EST" duration-ms="759" status="PASS">
          <reporter-output>
          </reporter-output>
        </test-method> <!-- quitBrowser -->
      </class> <!-- testcases.Testcase_Transferfunds -->
      <class name="testcases.Testcase_AddPAyee">
        <test-method signature="validateAddPayee()[pri:0, instance:testcases.Testcase_AddPAyee@1c93084c]" started-at="2019-12-04T20:48:29 EST" name="validateAddPayee" finished-at="2019-12-04T20:48:43 EST" duration-ms="13489" status="PASS">
          <reporter-output>
          </reporter-output>
        </test-method> <!-- validateAddPayee -->
      </class> <!-- testcases.Testcase_AddPAyee -->
      <class name="testcases.Testcase_Login">
        <test-method signature="login(java.lang.String, java.lang.String)[pri:0, instance:testcases.Testcase_Login@6ef888f6]" started-at="2019-12-04T20:48:45 EST" name="login" data-provider="credential" finished-at="2019-12-04T20:48:56 EST" duration-ms="11410" status="PASS">
          <params>
            <param index="0">
              <value>
                <![CDATA[username]]>
              </value>
            </param>
            <param index="1">
              <value>
                <![CDATA[password]]>
              </value>
            </param>
          </params>
          <reporter-output>
          </reporter-output>
        </test-method> <!-- login -->
        <test-method signature="login(java.lang.String, java.lang.String)[pri:0, instance:testcases.Testcase_Login@6ef888f6]" started-at="2019-12-04T20:48:56 EST" name="login" data-provider="credential" finished-at="2019-12-04T20:49:08 EST" duration-ms="12260" status="PASS">
          <params>
            <param index="0">
              <value>
                <![CDATA[username]]>
              </value>
            </param>
            <param index="1">
              <value>
                <![CDATA[password]]>
              </value>
            </param>
          </params>
          <reporter-output>
          </reporter-output>
        </test-method> <!-- login -->
        <test-method signature="login(java.lang.String, java.lang.String)[pri:0, instance:testcases.Testcase_Login@6ef888f6]" started-at="2019-12-04T20:49:08 EST" name="login" data-provider="credential" finished-at="2019-12-04T20:49:20 EST" duration-ms="11522" status="FAIL">
          <params>
            <param index="0">
              <value>
                <![CDATA[richa]]>
              </value>
            </param>
            <param index="1">
              <value>
                <![CDATA[abc]]>
              </value>
            </param>
          </params>
          <exception class="java.lang.AssertionError">
            <message>
              <![CDATA[expected [Zero - Log in] but found [Zero - Account Summary]]]>
            </message>
            <full-stacktrace>
              <![CDATA[java.lang.AssertionError: expected [Zero - Log in] but found [Zero - Account Summary]
at org.testng.Assert.fail(Assert.java:97)
at org.testng.Assert.assertEqualsImpl(Assert.java:136)
at org.testng.Assert.assertEquals(Assert.java:118)
at org.testng.Assert.assertEquals(Assert.java:575)
at org.testng.Assert.assertEquals(Assert.java:585)
at testcases.Testcase_Login.login(Testcase_Login.java:36)
at java.base/jdk.internal.reflect.NativeMethodAccessorImpl.invoke0(Native Method)
at java.base/jdk.internal.reflect.NativeMethodAccessorImpl.invoke(NativeMethodAccessorImpl.java:62)
at java.base/jdk.internal.reflect.DelegatingMethodAccessorImpl.invoke(DelegatingMethodAccessorImpl.java:43)
at java.base/java.lang.reflect.Method.invoke(Method.java:567)
at org.testng.internal.MethodInvocationHelper.invokeMethod(MethodInvocationHelper.java:133)
at org.testng.internal.TestInvoker.invokeMethod(TestInvoker.java:584)
at org.testng.internal.TestInvoker.invokeTestMethod(TestInvoker.java:172)
at org.testng.internal.MethodRunner.runInSequence(MethodRunner.java:46)
at org.testng.internal.TestInvoker$MethodInvocationAgent.invoke(TestInvoker.java:804)
at org.testng.internal.TestInvoker.invokeTestMethods(TestInvoker.java:145)
at org.testng.internal.TestMethodWorker.invokeTestMethods(TestMethodWorker.java:146)
at org.testng.internal.TestMethodWorker.run(TestMethodWorker.java:128)
at java.base/java.util.ArrayList.forEach(ArrayList.java:1540)
at org.testng.TestRunner.privateRun(TestRunner.java:770)
at org.testng.TestRunner.run(TestRunner.java:591)
at org.testng.SuiteRunner.runTest(SuiteRunner.java:402)
at org.testng.SuiteRunner.runSequentially(SuiteRunner.java:396)
at org.testng.SuiteRunner.privateRun(SuiteRunner.java:355)
at org.testng.SuiteRunner.run(SuiteRunner.java:304)
at org.testng.SuiteRunnerWorker.runSuite(SuiteRunnerWorker.java:53)
at org.testng.SuiteRunnerWorker.run(SuiteRunnerWorker.java:96)
at org.testng.TestNG.runSuitesSequentially(TestNG.java:1180)
at org.testng.TestNG.runSuitesLocally(TestNG.java:1102)
at org.testng.TestNG.runSuites(TestNG.java:1032)
at org.testng.TestNG.run(TestNG.java:1000)
at org.apache.maven.surefire.testng.TestNGExecutor.run(TestNGExecutor.java:283)
at org.apache.maven.surefire.testng.TestNGXmlTestSuite.execute(TestNGXmlTestSuite.java:75)
at org.apache.maven.surefire.testng.TestNGProvider.invoke(TestNGProvider.java:120)
at org.apache.maven.surefire.booter.ForkedBooter.runSuitesInProcess(ForkedBooter.java:377)
at org.apache.maven.surefire.booter.ForkedBooter.execute(ForkedBooter.java:138)
at org.apache.maven.surefire.booter.ForkedBooter.run(ForkedBooter.java:465)
at org.apache.maven.surefire.booter.ForkedBooter.main(ForkedBooter.java:451)
]]>
            </full-stacktrace>
          </exception> <!-- java.lang.AssertionError -->
          <reporter-output>
          </reporter-output>
        </test-method> <!-- login -->
      </class> <!-- testcases.Testcase_Login -->
    </test> <!-- Test -->
  </suite> <!-- Suite -->
</testng-results>
